10973:C 15 Dec 2019 23:36:44.769 # create Client
10973:C 15 Dec 2019 23:36:44.770 # oO0OoO0OoO0Oo Redis is starting oO0OoO0OoO0Oo
10973:C 15 Dec 2019 23:36:44.770 # Redis version=5.0.7, bits=64, commit=c96ee824, modified=1, pid=10973, just started
10973:C 15 Dec 2019 23:36:44.770 # Configuration loaded
10973:M 15 Dec 2019 23:36:44.771 # create Client
                _._                                                  
           _.-``__ ''-._                                             
      _.-``    `.  `_.  ''-._           Redis 5.0.7 (c96ee824/1) 64 bit
  .-`` .-```.  ```\/    _.,_ ''-._                                   
 (    '      ,       .-`  | `,    )     Running in standalone mode
 |`-._`-...-` __...-.``-._|'` _.-'|     Port: 6379
 |    `-._   `._    /     _.-'    |     PID: 10973
  `-._    `-._  `-./  _.-'    _.-'                                   
 |`-._`-._    `-.__.-'    _.-'_.-'|                                  
 |    `-._`-._        _.-'_.-'    |           http://redis.io        
  `-._    `-._`-.__.-'_.-'    _.-'                                   
 |`-._`-._    `-.__.-'    _.-'_.-'|                                  
 |    `-._`-._        _.-'_.-'    |                                  
  `-._    `-._`-.__.-'_.-'    _.-'                                   
      `-._    `-.__.-'    _.-'                                       
          `-._        _.-'                                           
              `-.__.-'                                               

10973:M 15 Dec 2019 23:36:44.771 # WARNING: The TCP backlog setting of 511 cannot be enforced because /proc/sys/net/core/somaxconn is set to the lower value of 128.
10973:M 15 Dec 2019 23:36:44.771 # Server initialized
10973:M 15 Dec 2019 23:36:44.771 # WARNING overcommit_memory is set to 0! Background save may fail under low memory condition. To fix this issue add 'vm.overcommit_memory = 1' to /etc/sysctl.conf and then reboot or run the command 'sysctl vm.overcommit_memory=1' for this to take effect.
10973:M 15 Dec 2019 23:36:44.771 # WARNING you have Transparent Huge Pages (THP) support enabled in your kernel. This will create latency and memory usage issues with Redis. To fix this issue run the command 'echo never > /sys/kernel/mm/transparent_hugepage/enabled' as root, and add it to your /etc/rc.local in order to retain the setting after a reboot. Redis must be restarted after THP is disabled.
10973:M 15 Dec 2019 23:36:44.771 * DB loaded from disk: 0.000 seconds
10973:M 15 Dec 2019 23:36:44.771 * Ready to accept connections
10973:M 15 Dec 2019 23:36:44.772 # create Client
10973:M 15 Dec 2019 23:36:44.772 # exec PING
10973:M 15 Dec 2019 23:36:44.772 # exec REPLCONF
10973:M 15 Dec 2019 23:36:44.772 # exec REPLCONF
10973:M 15 Dec 2019 23:36:44.772 # exec PSYNC
10973:M 15 Dec 2019 23:36:44.772 # sync command
10973:M 15 Dec 2019 23:36:44.772 * Replica 127.0.0.1:6479 asks for synchronization
10973:M 15 Dec 2019 23:36:44.772 * Partial resynchronization not accepted: Replication ID mismatch (Replica asked for 'f39cdc4d00d83be3bd41dd7e3f8a8e1f58212b56', my replication IDs are '878dff2bf20f07ce0d56b0756e87d6e0ea558052' and '0000000000000000000000000000000000000000')
10973:M 15 Dec 2019 23:36:44.772 * Starting BGSAVE for SYNC with target: disk
10973:M 15 Dec 2019 23:36:44.772 * Background saving started by pid 10987
10987:C 15 Dec 2019 23:36:44.808 * DB saved on disk
10987:C 15 Dec 2019 23:36:44.809 * RDB: 0 MB of memory used by copy-on-write
10973:M 15 Dec 2019 23:36:44.873 * Background saving terminated with success
10973:M 15 Dec 2019 23:36:44.873 * Synchronization with replica 127.0.0.1:6479 succeeded
10973:M 15 Dec 2019 23:36:45.776 # exec REPLCONF
10973:M 15 Dec 2019 23:36:46.778 # exec REPLCONF
